# JRE version: Java(TM) SE Runtime Environment (8.0_60-b27) (build 1.8.0_60-b27)
# Java VM: Java HotSpot(TM) 64-Bit Server VM (25.60-b23 mixed mode windows-amd64 compressed oops)
Heap:
 PSYoungGen      total 165376K, used 19964K [0x00000000e0980000, 0x00000000ee780000, 0x0000000100000000)
  eden space 147968K, 13% used [0x00000000e0980000,0x00000000e1cff1c0,0x00000000e9a00000)
  from space 17408K, 0% used [0x00000000e9a00000,0x00000000e9a00000,0x00000000eab00000)
  to   space 22016K, 0% used [0x00000000ed200000,0x00000000ed200000,0x00000000ee780000)
 ParOldGen       total 112640K, used 36919K [0x00000000a1c00000, 0x00000000a8a00000, 0x00000000e0980000)
  object space 112640K, 32% used [0x00000000a1c00000,0x00000000a400de80,0x00000000a8a00000)
 Metaspace       used 57625K, capacity 60186K, committed 60312K, reserved 1101824K
  class space    used 7583K, capacity 8048K, committed 8104K, reserved 1048576K
GC Heap History (10 events):
Event: 9.316 GC heap before
{Heap before GC invocations=10 (full 2):
 PSYoungGen      total 130560K, used 9696K [0x00000000e0980000, 0x00000000eb480000, 0x0000000100000000)
  eden space 120832K, 0% used [0x00000000e0980000,0x00000000e0980000,0x00000000e7f80000)
  from space 9728K, 99% used [0x00000000e8c00000,0x00000000e9578010,0x00000000e9580000)
  to   space 12800K, 0% used [0x00000000e7f80000,0x00000000e7f80000,0x00000000e8c00000)
 ParOldGen       total 43520K, used 13441K [0x00000000a1c00000, 0x00000000a4680000, 0x00000000e0980000)
  object space 43520K, 30% used [0x00000000a1c00000,0x00000000a29207e8,0x00000000a4680000)
 Metaspace       used 33996K, capacity 35366K, committed 35496K, reserved 1079296K
  class space    used 4405K, capacity 4686K, committed 4776K, reserved 1048576K
Event: 9.453 GC heap after
Heap after GC invocations=10 (full 2):
 PSYoungGen      total 130560K, used 0K [0x00000000e0980000, 0x00000000eb480000, 0x0000000100000000)
  eden space 120832K, 0% used [0x00000000e0980000,0x00000000e0980000,0x00000000e7f80000)
  from space 9728K, 0% used [0x00000000e8c00000,0x00000000e8c00000,0x00000000e9580000)
  to   space 12800K, 0% used [0x00000000e7f80000,0x00000000e7f80000,0x00000000e8c00000)
 ParOldGen       total 75776K, used 18653K [0x00000000a1c00000, 0x00000000a6600000, 0x00000000e0980000)
  object space 75776K, 24% used [0x00000000a1c00000,0x00000000a2e37488,0x00000000a6600000)
 Metaspace       used 33996K, capacity 35366K, committed 35496K, reserved 1079296K
  class space    used 4405K, capacity 4686K, committed 4776K, reserved 1048576K
}
Event: 14.532 GC heap before
{Heap before GC invocations=11 (full 2):
 PSYoungGen      total 130560K, used 120832K [0x00000000e0980000, 0x00000000eb480000, 0x0000000100000000)
  eden space 120832K, 100% used [0x00000000e0980000,0x00000000e7f80000,0x00000000e7f80000)
  from space 9728K, 0% used [0x00000000e8c00000,0x00000000e8c00000,0x00000000e9580000)
  to   space 12800K, 0% used [0x00000000e7f80000,0x00000000e7f80000,0x00000000e8c00000)
 ParOldGen       total 75776K, used 18653K [0x00000000a1c00000, 0x00000000a6600000, 0x00000000e0980000)
  object space 75776K, 24% used [0x00000000a1c00000,0x00000000a2e37488,0x00000000a6600000)
 Metaspace       used 40835K, capacity 42542K, committed 42792K, reserved 1087488K
  class space    used 5308K, capacity 5624K, committed 5672K, reserved 1048576K
Event: 14.555 GC heap after
Heap after GC invocations=11 (full 2):
 PSYoungGen      total 133632K, used 11617K [0x00000000e0980000, 0x00000000eb880000, 0x0000000100000000)
  eden space 120832K, 0% used [0x00000000e0980000,0x00000000e0980000,0x00000000e7f80000)
  from space 12800K, 90% used [0x00000000e7f80000,0x00000000e8ad8520,0x00000000e8c00000)
  to   space 13824K, 0% used [0x00000000eab00000,0x00000000eab00000,0x00000000eb880000)
 ParOldGen       total 75776K, used 18661K [0x00000000a1c00000, 0x00000000a6600000, 0x00000000e0980000)
  object space 75776K, 24% used [0x00000000a1c00000,0x00000000a2e39488,0x00000000a6600000)
 Metaspace       used 40835K, capacity 42542K, committed 42792K, reserved 1087488K
  class space    used 5308K, capacity 5624K, committed 5672K, reserved 1048576K
}
Event: 17.829 GC heap before
{Heap before GC invocations=12 (full 2):
 PSYoungGen      total 133632K, used 132449K [0x00000000e0980000, 0x00000000eb880000, 0x0000000100000000)
  eden space 120832K, 100% used [0x00000000e0980000,0x00000000e7f80000,0x00000000e7f80000)
  from space 12800K, 90% used [0x00000000e7f80000,0x00000000e8ad8520,0x00000000e8c00000)
  to   space 13824K, 0% used [0x00000000eab00000,0x00000000eab00000,0x00000000eb880000)
 ParOldGen       total 75776K, used 18661K [0x00000000a1c00000, 0x00000000a6600000, 0x00000000e0980000)
  object space 75776K, 24% used [0x00000000a1c00000,0x00000000a2e39488,0x00000000a6600000)
 Metaspace       used 47913K, capacity 50266K, committed 50600K, reserved 1093632K
  class space    used 6302K, capacity 6728K, committed 6824K, reserved 1048576K
Event: 17.912 GC heap after
Heap after GC invocations=12 (full 2):
 PSYoungGen      total 161792K, used 13814K [0x00000000e0980000, 0x00000000ec280000, 0x0000000100000000)
  eden space 147968K, 0% used [0x00000000e0980000,0x00000000e0980000,0x00000000e9a00000)
  from space 13824K, 99% used [0x00000000eab00000,0x00000000eb87d848,0x00000000eb880000)
  to   space 17408K, 0% used [0x00000000e9a00000,0x00000000e9a00000,0x00000000eab00000)
 ParOldGen       total 75776K, used 22867K [0x00000000a1c00000, 0x00000000a6600000, 0x00000000e0980000)
  object space 75776K, 30% used [0x00000000a1c00000,0x00000000a3254c20,0x00000000a6600000)
 Metaspace       used 47913K, capacity 50266K, committed 50600K, reserved 1093632K
  class space    used 6302K, capacity 6728K, committed 6824K, reserved 1048576K
}
Event: 130.688 GC heap before
{Heap before GC invocations=13 (full 2):
 PSYoungGen      total 161792K, used 123400K [0x00000000e0980000, 0x00000000ec280000, 0x0000000100000000)
  eden space 147968K, 74% used [0x00000000e0980000,0x00000000e7484a68,0x00000000e9a00000)
  from space 13824K, 99% used [0x00000000eab00000,0x00000000eb87d848,0x00000000eb880000)
  to   space 17408K, 0% used [0x00000000e9a00000,0x00000000e9a00000,0x00000000eab00000)
 ParOldGen       total 75776K, used 22867K [0x00000000a1c00000, 0x00000000a6600000, 0x00000000e0980000)
  object space 75776K, 30% used [0x00000000a1c00000,0x00000000a3254c20,0x00000000a6600000)
 Metaspace       used 56503K, capacity 59034K, committed 59160K, reserved 1099776K
  class space    used 7433K, capacity 7878K, committed 7976K, reserved 1048576K
Event: 130.748 GC heap after
Heap after GC invocations=13 (full 2):
 PSYoungGen      total 165376K, used 17386K [0x00000000e0980000, 0x00000000ee780000, 0x0000000100000000)
  eden space 147968K, 0% used [0x00000000e0980000,0x00000000e0980000,0x00000000e9a00000)
  from space 17408K, 99% used [0x00000000e9a00000,0x00000000eaafa9a0,0x00000000eab00000)
  to   space 22016K, 0% used [0x00000000ed200000,0x00000000ed200000,0x00000000ee780000)
 ParOldGen       total 75776K, used 29362K [0x00000000a1c00000, 0x00000000a6600000, 0x00000000e0980000)
  object space 75776K, 38% used [0x00000000a1c00000,0x00000000a38aca68,0x00000000a6600000)
 Metaspace       used 56503K, capacity 59034K, committed 59160K, reserved 1099776K
  class space    used 7433K, capacity 7878K, committed 7976K, reserved 1048576K
}
Event: 130.748 GC heap before
{Heap before GC invocations=14 (full 3):
 PSYoungGen      total 165376K, used 17386K [0x00000000e0980000, 0x00000000ee780000, 0x0000000100000000)
  eden space 147968K, 0% used [0x00000000e0980000,0x00000000e0980000,0x00000000e9a00000)
  from space 17408K, 99% used [0x00000000e9a00000,0x00000000eaafa9a0,0x00000000eab00000)
  to   space 22016K, 0% used [0x00000000ed200000,0x00000000ed200000,0x00000000ee780000)
 ParOldGen       total 75776K, used 29362K [0x00000000a1c00000, 0x00000000a6600000, 0x00000000e0980000)
  object space 75776K, 38% used [0x00000000a1c00000,0x00000000a38aca68,0x00000000a6600000)
 Metaspace       used 56503K, capacity 59034K, committed 59160K, reserved 1099776K
  class space    used 7433K, capacity 7878K, committed 7976K, reserved 1048576K
Event: 131.120 GC heap after
Heap after GC invocations=14 (full 3):
 PSYoungGen      total 165376K, used 0K [0x00000000e0980000, 0x00000000ee780000, 0x0000000100000000)
  eden space 147968K, 0% used [0x00000000e0980000,0x00000000e0980000,0x00000000e9a00000)
  from space 17408K, 0% used [0x00000000e9a00000,0x00000000e9a00000,0x00000000eab00000)
  to   space 22016K, 0% used [0x00000000ed200000,0x00000000ed200000,0x00000000ee780000)
 ParOldGen       total 112640K, used 36919K [0x00000000a1c00000, 0x00000000a8a00000, 0x00000000e0980000)
  object space 112640K, 32% used [0x00000000a1c00000,0x00000000a400de80,0x00000000a8a00000)
 Metaspace       used 56503K, capacity 59034K, committed 59160K, reserved 1099776K
  class space    used 7433K, capacity 7878K, committed 7976K, reserved 1048576K
}

